{"/Users/humbargs/workspace/ref-apps/ref-app-serverless/scoreboard/lib/espn.js":{"path":"/Users/humbargs/workspace/ref-apps/ref-app-serverless/scoreboard/lib/espn.js","s":{"1":1,"2":1,"3":1,"4":1,"5":1,"6":1,"7":1,"8":1,"9":1,"10":0,"11":1,"12":1,"13":0,"14":1},"b":{"1":[0,1],"2":[1,0]},"f":{"1":1,"2":1,"3":1},"fnMap":{"1":{"name":"Espn","line":9,"loc":{"start":{"line":9,"column":0},"end":{"line":9,"column":16}}},"2":{"name":"(anonymous_2)","line":17,"loc":{"start":{"line":17,"column":22},"end":{"line":17,"column":41}}},"3":{"name":"(anonymous_3)","line":20,"loc":{"start":{"line":20,"column":40},"end":{"line":20,"column":60}}}},"statementMap":{"1":{"start":{"line":2,"column":0},"end":{"line":2,"column":37}},"2":{"start":{"line":3,"column":0},"end":{"line":5,"column":2}},"3":{"start":{"line":9,"column":0},"end":{"line":33,"column":1}},"4":{"start":{"line":12,"column":4},"end":{"line":12,"column":47}},"5":{"start":{"line":17,"column":4},"end":{"line":32,"column":6}},"6":{"start":{"line":18,"column":8},"end":{"line":18,"column":69}},"7":{"start":{"line":19,"column":8},"end":{"line":19,"column":35}},"8":{"start":{"line":20,"column":8},"end":{"line":31,"column":11}},"9":{"start":{"line":21,"column":12},"end":{"line":23,"column":13}},"10":{"start":{"line":22,"column":16},"end":{"line":22,"column":32}},"11":{"start":{"line":24,"column":12},"end":{"line":29,"column":13}},"12":{"start":{"line":25,"column":16},"end":{"line":25,"column":42}},"13":{"start":{"line":28,"column":16},"end":{"line":28,"column":38}},"14":{"start":{"line":35,"column":0},"end":{"line":35,"column":22}}},"branchMap":{"1":{"line":21,"type":"if","locations":[{"start":{"line":21,"column":12},"end":{"line":21,"column":12}},{"start":{"line":21,"column":12},"end":{"line":21,"column":12}}]},"2":{"line":24,"type":"if","locations":[{"start":{"line":24,"column":12},"end":{"line":24,"column":12}},{"start":{"line":24,"column":12},"end":{"line":24,"column":12}}]}}}}